<?xml version="1.0" encoding="UTF-8"?>
<!-- Generated by org.testng.reporters.JUnitXMLReporter -->
<testsuite ignored="10" hostname="HP" failures="0" tests="8" name="Smoke Tests" time="27.972" errors="0" timestamp="2026-07-11T12:38:10 IST">
  <testcase classname="com.seleniumui.framework.tests.LoginTest" name="testValidLogin" time="1.459"/>
  <testcase classname="com.seleniumui.framework.tests.ProductTest" name="testAddProductToCart" time="0.909"/>
  <testcase classname="com.seleniumui.framework.tests.SessionTest" name="testAccessInventoryWithoutLogin" time="0.35"/>
  <testcase classname="com.seleniumui.framework.tests.CheckoutTest" name="testCompleteCheckout" time="2.005"/>
  <testcase classname="com.seleniumui.framework.tests.SessionTest" name="testAccessCartWithoutLogin" time="0.614"/>
  <testcase classname="com.seleniumui.framework.tests.LoginTest" name="testLoginPageLoads" time="0.08"/>
  <testcase classname="com.seleniumui.framework.tests.ProductTest" name="testSortByPriceLowToHigh" time="0.288"/>
  <testcase classname="com.seleniumui.framework.tests.ProductTest" name="testRemoveProductFromCart" time="10.444"/>
  <testcase classname="com.seleniumui.framework.base.BaseTest" name="@AfterSuite afterSuite" time="0.0">
    <ignored/>
  </testcase> <!-- @AfterSuite afterSuite -->
  <testcase classname="com.seleniumui.framework.tests.LoginTest" name="testValidLoginWithMultipleUsers" time="0.0">
    <ignored/>
  </testcase> <!-- testValidLoginWithMultipleUsers -->
  <testcase classname="com.seleniumui.framework.base.BaseTest" name="@BeforeSuite beforeSuite" time="0.0">
    <ignored/>
  </testcase> <!-- @BeforeSuite beforeSuite -->
  <testcase classname="com.seleniumui.framework.tests.ProductTest" name="testSortByPriceHighToLow" time="0.0">
    <ignored/>
  </testcase> <!-- testSortByPriceHighToLow -->
  <testcase classname="com.seleniumui.framework.base.BaseTest" name="@AfterSuite afterSuite" time="0.0">
    <ignored/>
  </testcase> <!-- @AfterSuite afterSuite -->
  <testcase classname="com.seleniumui.framework.base.BaseTest" name="@BeforeSuite beforeSuite" time="0.0">
    <ignored/>
  </testcase> <!-- @BeforeSuite beforeSuite -->
  <testcase classname="com.seleniumui.framework.tests.SessionTest" name="testSessionPersistsOnRefresh" time="0.0">
    <ignored/>
  </testcase> <!-- testSessionPersistsOnRefresh -->
  <testcase classname="com.seleniumui.framework.base.BaseTest" name="@BeforeSuite beforeSuite" time="0.0">
    <ignored/>
  </testcase> <!-- @BeforeSuite beforeSuite -->
  <testcase classname="com.seleniumui.framework.tests.ProductTest" name="testAllProductsDisplayed" time="0.0">
    <ignored/>
  </testcase> <!-- testAllProductsDisplayed -->
  <testcase classname="com.seleniumui.framework.base.BaseTest" name="@AfterSuite afterSuite" time="0.0">
    <ignored/>
  </testcase> <!-- @AfterSuite afterSuite -->
</testsuite> <!-- Smoke Tests -->
