<?xml version="1.0" encoding="UTF-8"?>
<!-- Generated by org.testng.reporters.JUnitXMLReporter -->
<testsuite ignored="10" hostname="HP" failures="0" tests="8" name="Smoke Tests" time="25.561" errors="0" timestamp="2026-07-06T16:21:10 IST">
  <testcase classname="com.seleniumui.framework.tests.LoginTest" name="testValidLogin" time="1.497"/>
  <testcase classname="com.seleniumui.framework.tests.ProductTest" name="testAddProductToCart" time="0.621"/>
  <testcase classname="com.seleniumui.framework.tests.SessionTest" name="testAccessInventoryWithoutLogin" time="0.4"/>
  <testcase classname="com.seleniumui.framework.tests.CheckoutTest" name="testCompleteCheckout" time="1.887"/>
  <testcase classname="com.seleniumui.framework.tests.SessionTest" name="testAccessCartWithoutLogin" time="0.33"/>
  <testcase classname="com.seleniumui.framework.tests.LoginTest" name="testLoginPageLoads" time="0.083"/>
  <testcase classname="com.seleniumui.framework.tests.ProductTest" name="testSortByPriceLowToHigh" time="0.372"/>
  <testcase classname="com.seleniumui.framework.tests.ProductTest" name="testRemoveProductFromCart" time="10.392"/>
  <testcase classname="com.seleniumui.framework.tests.ProductTest" name="testAllProductsDisplayed" time="0.0">
    <ignored/>
  </testcase> <!-- testAllProductsDisplayed -->
  <testcase classname="com.seleniumui.framework.base.BaseTest" name="@AfterSuite afterSuite" time="0.0">
    <ignored/>
  </testcase> <!-- @AfterSuite afterSuite -->
  <testcase classname="com.seleniumui.framework.tests.SessionTest" name="testSessionPersistsOnRefresh" time="0.0">
    <ignored/>
  </testcase> <!-- testSessionPersistsOnRefresh -->
  <testcase classname="com.seleniumui.framework.base.BaseTest" name="@BeforeSuite beforeSuite" time="0.0">
    <ignored/>
  </testcase> <!-- @BeforeSuite beforeSuite -->
  <testcase classname="com.seleniumui.framework.base.BaseTest" name="@BeforeSuite beforeSuite" time="0.0">
    <ignored/>
  </testcase> <!-- @BeforeSuite beforeSuite -->
  <testcase classname="com.seleniumui.framework.tests.ProductTest" name="testSortByPriceHighToLow" time="0.0">
    <ignored/>
  </testcase> <!-- testSortByPriceHighToLow -->
  <testcase classname="com.seleniumui.framework.base.BaseTest" name="@BeforeSuite beforeSuite" time="0.0">
    <ignored/>
  </testcase> <!-- @BeforeSuite beforeSuite -->
  <testcase classname="com.seleniumui.framework.base.BaseTest" name="@AfterSuite afterSuite" time="0.0">
    <ignored/>
  </testcase> <!-- @AfterSuite afterSuite -->
  <testcase classname="com.seleniumui.framework.tests.LoginTest" name="testValidLoginWithMultipleUsers" time="0.0">
    <ignored/>
  </testcase> <!-- testValidLoginWithMultipleUsers -->
  <testcase classname="com.seleniumui.framework.base.BaseTest" name="@AfterSuite afterSuite" time="0.0">
    <ignored/>
  </testcase> <!-- @AfterSuite afterSuite -->
</testsuite> <!-- Smoke Tests -->
