<?xml version="1.0" encoding="UTF-8"?>
<testng-results ignored="0" total="8" passed="8" failed="0" skipped="0">
  <reporter-output>
  </reporter-output>
  <suite started-at="2026-07-12T09:36:09 IST" name="Smoke Test Suite" finished-at="2026-07-12T09:36:36 IST" duration-ms="26643">
    <groups>
      <group name="regression">
        <method signature="CheckoutTest.testCompleteCheckout()[pri:1, instance:com.seleniumui.framework.tests.CheckoutTest@12219f6a]" name="testCompleteCheckout" class="com.seleniumui.framework.tests.CheckoutTest"/>
        <method signature="LoginTest.testValidLogin()[pri:1, instance:com.seleniumui.framework.tests.LoginTest@2d5a1588]" name="testValidLogin" class="com.seleniumui.framework.tests.LoginTest"/>
        <method signature="ProductTest.testAddProductToCart()[pri:1, instance:com.seleniumui.framework.tests.ProductTest@581b1c08]" name="testAddProductToCart" class="com.seleniumui.framework.tests.ProductTest"/>
        <method signature="SessionTest.testAccessInventoryWithoutLogin()[pri:1, instance:com.seleniumui.framework.tests.SessionTest@7f0b93b4]" name="testAccessInventoryWithoutLogin" class="com.seleniumui.framework.tests.SessionTest"/>
        <method signature="ProductTest.testRemoveProductFromCart()[pri:2, instance:com.seleniumui.framework.tests.ProductTest@581b1c08]" name="testRemoveProductFromCart" class="com.seleniumui.framework.tests.ProductTest"/>
        <method signature="SessionTest.testAccessCartWithoutLogin()[pri:2, instance:com.seleniumui.framework.tests.SessionTest@7f0b93b4]" name="testAccessCartWithoutLogin" class="com.seleniumui.framework.tests.SessionTest"/>
        <method signature="LoginTest.testLoginPageLoads()[pri:3, instance:com.seleniumui.framework.tests.LoginTest@2d5a1588]" name="testLoginPageLoads" class="com.seleniumui.framework.tests.LoginTest"/>
        <method signature="ProductTest.testSortByPriceLowToHigh()[pri:3, instance:com.seleniumui.framework.tests.ProductTest@581b1c08]" name="testSortByPriceLowToHigh" class="com.seleniumui.framework.tests.ProductTest"/>
      </group> <!-- regression -->
      <group name="smoke">
        <method signature="CheckoutTest.testCompleteCheckout()[pri:1, instance:com.seleniumui.framework.tests.CheckoutTest@12219f6a]" name="testCompleteCheckout" class="com.seleniumui.framework.tests.CheckoutTest"/>
        <method signature="LoginTest.testValidLogin()[pri:1, instance:com.seleniumui.framework.tests.LoginTest@2d5a1588]" name="testValidLogin" class="com.seleniumui.framework.tests.LoginTest"/>
        <method signature="ProductTest.testAddProductToCart()[pri:1, instance:com.seleniumui.framework.tests.ProductTest@581b1c08]" name="testAddProductToCart" class="com.seleniumui.framework.tests.ProductTest"/>
        <method signature="SessionTest.testAccessInventoryWithoutLogin()[pri:1, instance:com.seleniumui.framework.tests.SessionTest@7f0b93b4]" name="testAccessInventoryWithoutLogin" class="com.seleniumui.framework.tests.SessionTest"/>
        <method signature="ProductTest.testRemoveProductFromCart()[pri:2, instance:com.seleniumui.framework.tests.ProductTest@581b1c08]" name="testRemoveProductFromCart" class="com.seleniumui.framework.tests.ProductTest"/>
        <method signature="SessionTest.testAccessCartWithoutLogin()[pri:2, instance:com.seleniumui.framework.tests.SessionTest@7f0b93b4]" name="testAccessCartWithoutLogin" class="com.seleniumui.framework.tests.SessionTest"/>
        <method signature="LoginTest.testLoginPageLoads()[pri:3, instance:com.seleniumui.framework.tests.LoginTest@2d5a1588]" name="testLoginPageLoads" class="com.seleniumui.framework.tests.LoginTest"/>
        <method signature="ProductTest.testSortByPriceLowToHigh()[pri:3, instance:com.seleniumui.framework.tests.ProductTest@581b1c08]" name="testSortByPriceLowToHigh" class="com.seleniumui.framework.tests.ProductTest"/>
      </group> <!-- smoke -->
    </groups>
    <test started-at="2026-07-12T09:36:09 IST" name="Smoke Tests" finished-at="2026-07-12T09:36:36 IST" duration-ms="26643">
      <class name="com.seleniumui.framework.tests.ProductTest">
        <test-method is-config="true" signature="setUp(java.lang.String)[pri:0, instance:com.seleniumui.framework.tests.ProductTest@581b1c08]" started-at="2026-07-12T09:36:09 IST" name="setUp" finished-at="2026-07-12T09:36:14 IST" duration-ms="4727" status="PASS">
          <params>
            <param index="0">
              <value>
                <![CDATA[chrome]]>
              </value>
            </param>
          </params>
          <reporter-output>
          </reporter-output>
        </test-method> <!-- setUp -->
        <test-method is-config="true" signature="loginAndSetup()[pri:0, instance:com.seleniumui.framework.tests.ProductTest@581b1c08]" started-at="2026-07-12T09:36:14 IST" name="loginAndSetup" finished-at="2026-07-12T09:36:15 IST" duration-ms="1420" status="PASS">
          <reporter-output>
          </reporter-output>
        </test-method> <!-- loginAndSetup -->
        <test-method signature="testAddProductToCart()[pri:1, instance:com.seleniumui.framework.tests.ProductTest@581b1c08]" started-at="2026-07-12T09:36:15 IST" name="testAddProductToCart" finished-at="2026-07-12T09:36:16 IST" duration-ms="1005" status="PASS">
          <reporter-output>
          </reporter-output>
        </test-method> <!-- testAddProductToCart -->
        <test-method is-config="true" signature="tearDown(org.testng.ITestResult)[pri:0, instance:com.seleniumui.framework.tests.ProductTest@581b1c08]" started-at="2026-07-12T09:36:16 IST" name="tearDown" finished-at="2026-07-12T09:36:17 IST" duration-ms="437" status="PASS">
          <params>
            <param index="0">
              <value>
                <![CDATA[[TestResult name=testAddProductToCart status=SUCCESS method=ProductTest.testAddProductToCart()[pri:1, instance:com.seleniumui.framework.tests.ProductTest@581b1c08] output={null}]]]>
              </value>
            </param>
          </params>
          <reporter-output>
          </reporter-output>
        </test-method> <!-- tearDown -->
        <test-method is-config="true" signature="setUp(java.lang.String)[pri:0, instance:com.seleniumui.framework.tests.ProductTest@581b1c08]" started-at="2026-07-12T09:36:20 IST" name="setUp" finished-at="2026-07-12T09:36:22 IST" duration-ms="1822" status="PASS">
          <params>
            <param index="0">
              <value>
                <![CDATA[chrome]]>
              </value>
            </param>
          </params>
          <reporter-output>
          </reporter-output>
        </test-method> <!-- setUp -->
        <test-method is-config="true" signature="loginAndSetup()[pri:0, instance:com.seleniumui.framework.tests.ProductTest@581b1c08]" started-at="2026-07-12T09:36:22 IST" name="loginAndSetup" finished-at="2026-07-12T09:36:24 IST" duration-ms="1814" status="PASS">
          <reporter-output>
          </reporter-output>
        </test-method> <!-- loginAndSetup -->
        <test-method signature="testRemoveProductFromCart()[pri:2, instance:com.seleniumui.framework.tests.ProductTest@581b1c08]" started-at="2026-07-12T09:36:24 IST" name="testRemoveProductFromCart" finished-at="2026-07-12T09:36:35 IST" duration-ms="11416" status="PASS">
          <reporter-output>
          </reporter-output>
        </test-method> <!-- testRemoveProductFromCart -->
        <test-method is-config="true" signature="setUp(java.lang.String)[pri:0, instance:com.seleniumui.framework.tests.ProductTest@581b1c08]" started-at="2026-07-12T09:36:30 IST" name="setUp" finished-at="2026-07-12T09:36:32 IST" duration-ms="2119" status="PASS">
          <params>
            <param index="0">
              <value>
                <![CDATA[chrome]]>
              </value>
            </param>
          </params>
          <reporter-output>
          </reporter-output>
        </test-method> <!-- setUp -->
        <test-method is-config="true" signature="loginAndSetup()[pri:0, instance:com.seleniumui.framework.tests.ProductTest@581b1c08]" started-at="2026-07-12T09:36:32 IST" name="loginAndSetup" finished-at="2026-07-12T09:36:33 IST" duration-ms="1014" status="PASS">
          <reporter-output>
          </reporter-output>
        </test-method> <!-- loginAndSetup -->
        <test-method signature="testSortByPriceLowToHigh()[pri:3, instance:com.seleniumui.framework.tests.ProductTest@581b1c08]" started-at="2026-07-12T09:36:33 IST" name="testSortByPriceLowToHigh" finished-at="2026-07-12T09:36:33 IST" duration-ms="324" status="PASS">
          <reporter-output>
          </reporter-output>
        </test-method> <!-- testSortByPriceLowToHigh -->
        <test-method is-config="true" signature="tearDown(org.testng.ITestResult)[pri:0, instance:com.seleniumui.framework.tests.ProductTest@581b1c08]" started-at="2026-07-12T09:36:33 IST" name="tearDown" finished-at="2026-07-12T09:36:34 IST" duration-ms="338" status="PASS">
          <params>
            <param index="0">
              <value>
                <![CDATA[[TestResult name=testSortByPriceLowToHigh status=SUCCESS method=ProductTest.testSortByPriceLowToHigh()[pri:3, instance:com.seleniumui.framework.tests.ProductTest@581b1c08] output={null}]]]>
              </value>
            </param>
          </params>
          <reporter-output>
          </reporter-output>
        </test-method> <!-- tearDown -->
        <test-method is-config="true" signature="tearDown(org.testng.ITestResult)[pri:0, instance:com.seleniumui.framework.tests.ProductTest@581b1c08]" started-at="2026-07-12T09:36:35 IST" name="tearDown" finished-at="2026-07-12T09:36:36 IST" duration-ms="309" status="PASS">
          <params>
            <param index="0">
              <value>
                <![CDATA[[TestResult name=testRemoveProductFromCart status=SUCCESS method=ProductTest.testRemoveProductFromCart()[pri:2, instance:com.seleniumui.framework.tests.ProductTest@581b1c08] output={null}]]]>
              </value>
            </param>
          </params>
          <reporter-output>
          </reporter-output>
        </test-method> <!-- tearDown -->
      </class> <!-- com.seleniumui.framework.tests.ProductTest -->
      <class name="com.seleniumui.framework.tests.CheckoutTest">
        <test-method is-config="true" signature="setUp(java.lang.String)[pri:0, instance:com.seleniumui.framework.tests.CheckoutTest@12219f6a]" started-at="2026-07-12T09:36:16 IST" name="setUp" finished-at="2026-07-12T09:36:19 IST" duration-ms="2852" status="PASS">
          <params>
            <param index="0">
              <value>
                <![CDATA[chrome]]>
              </value>
            </param>
          </params>
          <reporter-output>
          </reporter-output>
        </test-method> <!-- setUp -->
        <test-method is-config="true" signature="loginAndSetup()[pri:0, instance:com.seleniumui.framework.tests.CheckoutTest@12219f6a]" started-at="2026-07-12T09:36:19 IST" name="loginAndSetup" finished-at="2026-07-12T09:36:20 IST" duration-ms="1164" status="PASS">
          <reporter-output>
          </reporter-output>
        </test-method> <!-- loginAndSetup -->
        <test-method signature="testCompleteCheckout()[pri:1, instance:com.seleniumui.framework.tests.CheckoutTest@12219f6a]" started-at="2026-07-12T09:36:20 IST" name="testCompleteCheckout" finished-at="2026-07-12T09:36:23 IST" duration-ms="3387" status="PASS">
          <reporter-output>
          </reporter-output>
        </test-method> <!-- testCompleteCheckout -->
        <test-method is-config="true" signature="tearDown(org.testng.ITestResult)[pri:0, instance:com.seleniumui.framework.tests.CheckoutTest@12219f6a]" started-at="2026-07-12T09:36:23 IST" name="tearDown" finished-at="2026-07-12T09:36:24 IST" duration-ms="446" status="PASS">
          <params>
            <param index="0">
              <value>
                <![CDATA[[TestResult name=testCompleteCheckout status=SUCCESS method=CheckoutTest.testCompleteCheckout()[pri:1, instance:com.seleniumui.framework.tests.CheckoutTest@12219f6a] output={null}]]]>
              </value>
            </param>
          </params>
          <reporter-output>
          </reporter-output>
        </test-method> <!-- tearDown -->
      </class> <!-- com.seleniumui.framework.tests.CheckoutTest -->
      <class name="com.seleniumui.framework.tests.SessionTest">
        <test-method is-config="true" signature="setUp(java.lang.String)[pri:0, instance:com.seleniumui.framework.tests.SessionTest@7f0b93b4]" started-at="2026-07-12T09:36:17 IST" name="setUp" finished-at="2026-07-12T09:36:19 IST" duration-ms="2047" status="PASS">
          <params>
            <param index="0">
              <value>
                <![CDATA[chrome]]>
              </value>
            </param>
          </params>
          <reporter-output>
          </reporter-output>
        </test-method> <!-- setUp -->
        <test-method signature="testAccessInventoryWithoutLogin()[pri:1, instance:com.seleniumui.framework.tests.SessionTest@7f0b93b4]" started-at="2026-07-12T09:36:19 IST" name="testAccessInventoryWithoutLogin" finished-at="2026-07-12T09:36:20 IST" duration-ms="1117" status="PASS">
          <reporter-output>
          </reporter-output>
        </test-method> <!-- testAccessInventoryWithoutLogin -->
        <test-method is-config="true" signature="tearDown(org.testng.ITestResult)[pri:0, instance:com.seleniumui.framework.tests.SessionTest@7f0b93b4]" started-at="2026-07-12T09:36:20 IST" name="tearDown" finished-at="2026-07-12T09:36:20 IST" duration-ms="316" status="PASS">
          <params>
            <param index="0">
              <value>
                <![CDATA[[TestResult name=testAccessInventoryWithoutLogin status=SUCCESS method=SessionTest.testAccessInventoryWithoutLogin()[pri:1, instance:com.seleniumui.framework.tests.SessionTest@7f0b93b4] output={null}]]]>
              </value>
            </param>
          </params>
          <reporter-output>
          </reporter-output>
        </test-method> <!-- tearDown -->
        <test-method is-config="true" signature="setUp(java.lang.String)[pri:0, instance:com.seleniumui.framework.tests.SessionTest@7f0b93b4]" started-at="2026-07-12T09:36:24 IST" name="setUp" finished-at="2026-07-12T09:36:27 IST" duration-ms="2880" status="PASS">
          <params>
            <param index="0">
              <value>
                <![CDATA[chrome]]>
              </value>
            </param>
          </params>
          <reporter-output>
          </reporter-output>
        </test-method> <!-- setUp -->
        <test-method signature="testAccessCartWithoutLogin()[pri:2, instance:com.seleniumui.framework.tests.SessionTest@7f0b93b4]" started-at="2026-07-12T09:36:27 IST" name="testAccessCartWithoutLogin" finished-at="2026-07-12T09:36:27 IST" duration-ms="530" status="PASS">
          <reporter-output>
          </reporter-output>
        </test-method> <!-- testAccessCartWithoutLogin -->
        <test-method is-config="true" signature="tearDown(org.testng.ITestResult)[pri:0, instance:com.seleniumui.framework.tests.SessionTest@7f0b93b4]" started-at="2026-07-12T09:36:27 IST" name="tearDown" finished-at="2026-07-12T09:36:28 IST" duration-ms="374" status="PASS">
          <params>
            <param index="0">
              <value>
                <![CDATA[[TestResult name=testAccessCartWithoutLogin status=SUCCESS method=SessionTest.testAccessCartWithoutLogin()[pri:2, instance:com.seleniumui.framework.tests.SessionTest@7f0b93b4] output={null}]]]>
              </value>
            </param>
          </params>
          <reporter-output>
          </reporter-output>
        </test-method> <!-- tearDown -->
      </class> <!-- com.seleniumui.framework.tests.SessionTest -->
      <class name="com.seleniumui.framework.tests.LoginTest">
        <test-method is-config="true" signature="beforeSuite()[pri:0, instance:com.seleniumui.framework.tests.LoginTest@2d5a1588]" started-at="2026-07-12T09:36:09 IST" name="beforeSuite" finished-at="2026-07-12T09:36:09 IST" duration-ms="124" status="PASS">
          <reporter-output>
          </reporter-output>
        </test-method> <!-- beforeSuite -->
        <test-method is-config="true" signature="setUp(java.lang.String)[pri:0, instance:com.seleniumui.framework.tests.LoginTest@2d5a1588]" started-at="2026-07-12T09:36:09 IST" name="setUp" finished-at="2026-07-12T09:36:14 IST" duration-ms="4429" status="PASS">
          <params>
            <param index="0">
              <value>
                <![CDATA[chrome]]>
              </value>
            </param>
          </params>
          <reporter-output>
          </reporter-output>
        </test-method> <!-- setUp -->
        <test-method signature="testValidLogin()[pri:1, instance:com.seleniumui.framework.tests.LoginTest@2d5a1588]" started-at="2026-07-12T09:36:14 IST" name="testValidLogin" finished-at="2026-07-12T09:36:15 IST" duration-ms="1629" status="PASS">
          <reporter-output>
          </reporter-output>
        </test-method> <!-- testValidLogin -->
        <test-method is-config="true" signature="tearDown(org.testng.ITestResult)[pri:0, instance:com.seleniumui.framework.tests.LoginTest@2d5a1588]" started-at="2026-07-12T09:36:15 IST" name="tearDown" finished-at="2026-07-12T09:36:16 IST" duration-ms="409" status="PASS">
          <params>
            <param index="0">
              <value>
                <![CDATA[[TestResult name=testValidLogin status=SUCCESS method=LoginTest.testValidLogin()[pri:1, instance:com.seleniumui.framework.tests.LoginTest@2d5a1588] output={null}]]]>
              </value>
            </param>
          </params>
          <reporter-output>
          </reporter-output>
        </test-method> <!-- tearDown -->
        <test-method is-config="true" signature="setUp(java.lang.String)[pri:0, instance:com.seleniumui.framework.tests.LoginTest@2d5a1588]" started-at="2026-07-12T09:36:28 IST" name="setUp" finished-at="2026-07-12T09:36:30 IST" duration-ms="2055" status="PASS">
          <params>
            <param index="0">
              <value>
                <![CDATA[chrome]]>
              </value>
            </param>
          </params>
          <reporter-output>
          </reporter-output>
        </test-method> <!-- setUp -->
        <test-method signature="testLoginPageLoads()[pri:3, instance:com.seleniumui.framework.tests.LoginTest@2d5a1588]" started-at="2026-07-12T09:36:30 IST" name="testLoginPageLoads" finished-at="2026-07-12T09:36:30 IST" duration-ms="104" status="PASS">
          <reporter-output>
          </reporter-output>
        </test-method> <!-- testLoginPageLoads -->
        <test-method is-config="true" signature="tearDown(org.testng.ITestResult)[pri:0, instance:com.seleniumui.framework.tests.LoginTest@2d5a1588]" started-at="2026-07-12T09:36:30 IST" name="tearDown" finished-at="2026-07-12T09:36:30 IST" duration-ms="227" status="PASS">
          <params>
            <param index="0">
              <value>
                <![CDATA[[TestResult name=testLoginPageLoads status=SUCCESS method=LoginTest.testLoginPageLoads()[pri:3, instance:com.seleniumui.framework.tests.LoginTest@2d5a1588] output={null}]]]>
              </value>
            </param>
          </params>
          <reporter-output>
          </reporter-output>
        </test-method> <!-- tearDown -->
        <test-method is-config="true" signature="afterSuite()[pri:0, instance:com.seleniumui.framework.tests.LoginTest@2d5a1588]" started-at="2026-07-12T09:36:36 IST" name="afterSuite" finished-at="2026-07-12T09:36:36 IST" duration-ms="0" status="PASS">
          <reporter-output>
          </reporter-output>
        </test-method> <!-- afterSuite -->
      </class> <!-- com.seleniumui.framework.tests.LoginTest -->
    </test> <!-- Smoke Tests -->
  </suite> <!-- Smoke Test Suite -->
</testng-results>
