<?xml version="1.0" encoding="UTF-8"?>
<testsuite xmlns:xsi="http://www.w3.org/2001/XMLSchema-instance" xsi:noNamespaceSchemaLocation="https://maven.apache.org/surefire/maven-surefire-plugin/xsd/surefire-test-report-3.0.xsd" version="3.0" name="TestSuite" time="31.838" tests="8" errors="0" skipped="0" failures="0">
  <properties>
[...]
</properties>
  <testcase name="testValidLogin" classname="com.seleniumui.framework.tests.LoginTest" time="0.211">
    <system-out><![CDATA[2026-07-12 09:36:08 [main] WARN  org.testng.TestNG - Ignoring duplicate listener : io.qameta.allure.testng.AllureTestNg
2026-07-12 09:36:08 [main] WARN  org.testng.TestNG - Ignoring duplicate listener : io.qameta.allure.testng.AllureTestNg
2026-07-12 09:36:08 [main] WARN  org.testng.TestNG - Ignoring duplicate listener : io.qameta.allure.testng.AllureTestNg
2026-07-12 09:36:09 [main] INFO  com.seleniumui.framework.utils.ConfigManager - Configuration loaded successfully from: src/main/resources/config/config.properties
2026-07-12 09:36:09 [main] INFO  com.seleniumui.framework.base.BaseTest - ========================================
2026-07-12 09:36:09 [main] INFO  com.seleniumui.framework.base.BaseTest - Test Suite Execution Started
2026-07-12 09:36:09 [main] INFO  com.seleniumui.framework.base.BaseTest - Environment: QA
2026-07-12 09:36:09 [main] INFO  com.seleniumui.framework.base.BaseTest - Browser: chrome
2026-07-12 09:36:09 [main] INFO  com.seleniumui.framework.base.BaseTest - Headless Mode: true
2026-07-12 09:36:09 [main] INFO  com.seleniumui.framework.base.BaseTest - ========================================
2026-07-12 09:36:09 [main] INFO  com.seleniumui.framework.base.BaseTest - Screenshot directory created: target/screenshots/
2026-07-12 09:36:09 [main] INFO  com.seleniumui.framework.listeners.TestListener - ========================================
2026-07-12 09:36:09 [main] INFO  com.seleniumui.framework.listeners.TestListener - TEST SUITE STARTED: Smoke Tests
2026-07-12 09:36:09 [main] INFO  com.seleniumui.framework.listeners.TestListener - Total Tests: 8
2026-07-12 09:36:09 [main] INFO  com.seleniumui.framework.listeners.TestListener - ========================================
2026-07-12 09:36:09 [TestNG-test-Smoke Tests-2] INFO  com.seleniumui.framework.base.DriverFactory - Initializing chrome browser. Headless mode: true
2026-07-12 09:36:09 [TestNG-test-Smoke Tests-1] INFO  com.seleniumui.framework.base.DriverFactory - Initializing chrome browser. Headless mode: true
2026-07-12 09:36:10 [TestNG-test-Smoke Tests-1] INFO  io.github.bonigarcia.wdm.WebDriverManager - Using chromedriver 149.0.7827.155 (resolved driver for Chrome 149)
2026-07-12 09:36:10 [TestNG-test-Smoke Tests-2] INFO  io.github.bonigarcia.wdm.WebDriverManager - Using chromedriver 149.0.7827.155 (resolved driver for Chrome 149)
2026-07-12 09:36:11 [TestNG-test-Smoke Tests-2] INFO  io.github.bonigarcia.wdm.WebDriverManager - Exporting webdriver.chrome.driver as C:\Users\hp\.cache\selenium\chromedriver\win64\149.0.7827.155\chromedriver.exe
2026-07-12 09:36:11 [TestNG-test-Smoke Tests-1] INFO  io.github.bonigarcia.wdm.WebDriverManager - Exporting webdriver.chrome.driver as C:\Users\hp\.cache\selenium\chromedriver\win64\149.0.7827.155\chromedriver.exe
2026-07-12 09:36:13 [TestNG-test-Smoke Tests-1] INFO  com.seleniumui.framework.base.DriverFactory - WebDriver initialized successfully. Thread ID: 41
2026-07-12 09:36:13 [TestNG-test-Smoke Tests-1] INFO  com.seleniumui.framework.base.BaseTest - Navigating to: https://www.saucedemo.com/
2026-07-12 09:36:13 [TestNG-test-Smoke Tests-2] INFO  com.seleniumui.framework.base.DriverFactory - WebDriver initialized successfully. Thread ID: 42
2026-07-12 09:36:13 [TestNG-test-Smoke Tests-2] INFO  com.seleniumui.framework.base.BaseTest - Navigating to: https://www.saucedemo.com/
2026-07-12 09:36:14 [TestNG-test-Smoke Tests-1] INFO  com.seleniumui.framework.listeners.TestListener - ========================================
2026-07-12 09:36:14 [TestNG-test-Smoke Tests-1] INFO  com.seleniumui.framework.listeners.TestListener - TEST STARTED: testValidLogin
2026-07-12 09:36:14 [TestNG-test-Smoke Tests-1] INFO  com.seleniumui.framework.listeners.TestListener - ========================================
2026-07-12 09:36:14 [TestNG-test-Smoke Tests-1] INFO  com.seleniumui.framework.base.BaseTest - Starting valid login test
2026-07-12 09:36:14 [TestNG-test-Smoke Tests-2] INFO  com.seleniumui.framework.base.BasePage - LoginPage initialized
2026-07-12 09:36:14 [TestNG-test-Smoke Tests-1] INFO  com.seleniumui.framework.base.BasePage - LoginPage initialized
2026-07-12 09:36:15 [TestNG-test-Smoke Tests-2] INFO  com.seleniumui.framework.base.BasePage - InventoryPage initialized
2026-07-12 09:36:15 [TestNG-test-Smoke Tests-2] INFO  com.seleniumui.framework.base.BaseTest - Logged in for product test
2026-07-12 09:36:15 [TestNG-test-Smoke Tests-1] INFO  com.seleniumui.framework.base.BasePage - InventoryPage initialized
2026-07-12 09:36:15 [TestNG-test-Smoke Tests-2] INFO  com.seleniumui.framework.listeners.TestListener - ========================================
2026-07-12 09:36:15 [TestNG-test-Smoke Tests-2] INFO  com.seleniumui.framework.listeners.TestListener - TEST STARTED: testAddProductToCart
2026-07-12 09:36:15 [TestNG-test-Smoke Tests-2] INFO  com.seleniumui.framework.listeners.TestListener - ========================================
2026-07-12 09:36:15 [TestNG-test-Smoke Tests-2] INFO  com.seleniumui.framework.base.BaseTest - Testing add product to cart
2026-07-12 09:36:15 [TestNG-test-Smoke Tests-1] INFO  com.seleniumui.framework.base.BaseTest - Valid login test completed successfully
2026-07-12 09:36:15 [TestNG-test-Smoke Tests-1] INFO  com.seleniumui.framework.listeners.TestListener - ========================================
2026-07-12 09:36:15 [TestNG-test-Smoke Tests-1] INFO  com.seleniumui.framework.listeners.TestListener - TEST PASSED: testValidLogin
2026-07-12 09:36:15 [TestNG-test-Smoke Tests-1] INFO  com.seleniumui.framework.listeners.TestListener - Duration: 1629 ms
2026-07-12 09:36:15 [TestNG-test-Smoke Tests-1] INFO  com.seleniumui.framework.listeners.TestListener - ========================================
2026-07-12 09:36:15 [TestNG-test-Smoke Tests-2] INFO  com.seleniumui.framework.base.BasePage - Added product 'Sauce Labs Backpack' to cart
]]></system-out>
    <system-err><![CDATA[Jul 12, 2026 9:36:13 AM org.openqa.selenium.devtools.CdpVersionFinder findNearestMatch
WARNING: Unable to find CDP implementation matching 149
Jul 12, 2026 9:36:13 AM org.openqa.selenium.devtools.CdpVersionFinder findNearestMatch
WARNING: Unable to find CDP implementation matching 149
Jul 12, 2026 9:36:13 AM org.openqa.selenium.chromium.ChromiumDriver lambda$new$5
WARNING: Unable to find version of CDP to use for 149.0.7827.201. You may need to include a dependency on a specific version of the CDP using something similar to `org.seleniumhq.selenium:selenium-devtools-v86:4.18.1` where the version ("v86") matches the version of the chromium-based browser you're using and the version number of the artifact is the same as Selenium's.
Jul 12, 2026 9:36:13 AM org.openqa.selenium.chromium.ChromiumDriver lambda$new$5
WARNING: Unable to find version of CDP to use for 149.0.7827.201. You may need to include a dependency on a specific version of the CDP using something similar to `org.seleniumhq.selenium:selenium-devtools-v86:4.18.1` where the version ("v86") matches the version of the chromium-based browser you're using and the version number of the artifact is the same as Selenium's.
]]></system-err>
  </testcase>
  <testcase name="testLoginPageLoads" classname="com.seleniumui.framework.tests.LoginTest" time="0.108">
    <system-out><![CDATA[2026-07-12 09:36:27 [TestNG-test-Smoke Tests-1] INFO  com.seleniumui.framework.base.BaseTest - Test PASSED: testAccessCartWithoutLogin
2026-07-12 09:36:27 [TestNG-test-Smoke Tests-1] INFO  com.seleniumui.framework.base.DriverFactory - Quitting WebDriver. Thread ID: 41
2026-07-12 09:36:28 [TestNG-test-Smoke Tests-1] INFO  com.seleniumui.framework.base.DriverFactory - Initializing chrome browser. Headless mode: true
2026-07-12 09:36:28 [TestNG-test-Smoke Tests-1] INFO  io.github.bonigarcia.wdm.WebDriverManager - Using chromedriver 149.0.7827.155 (resolved driver for Chrome 149)
2026-07-12 09:36:28 [TestNG-test-Smoke Tests-1] INFO  io.github.bonigarcia.wdm.WebDriverManager - Exporting webdriver.chrome.driver as C:\Users\hp\.cache\selenium\chromedriver\win64\149.0.7827.155\chromedriver.exe
2026-07-12 09:36:29 [TestNG-test-Smoke Tests-1] INFO  com.seleniumui.framework.base.DriverFactory - WebDriver initialized successfully. Thread ID: 41
2026-07-12 09:36:29 [TestNG-test-Smoke Tests-1] INFO  com.seleniumui.framework.base.BaseTest - Navigating to: https://www.saucedemo.com/
2026-07-12 09:36:30 [TestNG-test-Smoke Tests-1] INFO  com.seleniumui.framework.listeners.TestListener - ========================================
2026-07-12 09:36:30 [TestNG-test-Smoke Tests-1] INFO  com.seleniumui.framework.listeners.TestListener - TEST STARTED: testLoginPageLoads
2026-07-12 09:36:30 [TestNG-test-Smoke Tests-1] INFO  com.seleniumui.framework.listeners.TestListener - ========================================
2026-07-12 09:36:30 [TestNG-test-Smoke Tests-1] INFO  com.seleniumui.framework.base.BaseTest - Testing login page loads
2026-07-12 09:36:30 [TestNG-test-Smoke Tests-1] INFO  com.seleniumui.framework.base.BasePage - LoginPage initialized
2026-07-12 09:36:30 [TestNG-test-Smoke Tests-1] INFO  com.seleniumui.framework.base.BaseTest - Login page loads test passed
2026-07-12 09:36:30 [TestNG-test-Smoke Tests-1] INFO  com.seleniumui.framework.listeners.TestListener - ========================================
2026-07-12 09:36:30 [TestNG-test-Smoke Tests-1] INFO  com.seleniumui.framework.listeners.TestListener - TEST PASSED: testLoginPageLoads
2026-07-12 09:36:30 [TestNG-test-Smoke Tests-1] INFO  com.seleniumui.framework.listeners.TestListener - Duration: 104 ms
2026-07-12 09:36:30 [TestNG-test-Smoke Tests-1] INFO  com.seleniumui.framework.listeners.TestListener - ========================================
]]></system-out>
    <system-err><![CDATA[Jul 12, 2026 9:36:29 AM org.openqa.selenium.devtools.CdpVersionFinder findNearestMatch
WARNING: Unable to find CDP implementation matching 149
Jul 12, 2026 9:36:29 AM org.openqa.selenium.chromium.ChromiumDriver lambda$new$5
WARNING: Unable to find version of CDP to use for 149.0.7827.201. You may need to include a dependency on a specific version of the CDP using something similar to `org.seleniumhq.selenium:selenium-devtools-v86:4.18.1` where the version ("v86") matches the version of the chromium-based browser you're using and the version number of the artifact is the same as Selenium's.
]]></system-err>
  </testcase>
  <testcase name="testAddProductToCart" classname="com.seleniumui.framework.tests.ProductTest" time="1.021">
    <system-out><![CDATA[2026-07-12 09:36:15 [TestNG-test-Smoke Tests-1] INFO  com.seleniumui.framework.base.BaseTest - Test PASSED: testValidLogin
2026-07-12 09:36:15 [TestNG-test-Smoke Tests-1] INFO  com.seleniumui.framework.base.DriverFactory - Quitting WebDriver. Thread ID: 41
2026-07-12 09:36:16 [TestNG-test-Smoke Tests-2] INFO  com.seleniumui.framework.base.BasePage - Navigating to cart
2026-07-12 09:36:16 [TestNG-test-Smoke Tests-1] INFO  com.seleniumui.framework.base.DriverFactory - Initializing chrome browser. Headless mode: true
2026-07-12 09:36:16 [TestNG-test-Smoke Tests-1] INFO  io.github.bonigarcia.wdm.WebDriverManager - Using chromedriver 149.0.7827.155 (resolved driver for Chrome 149)
2026-07-12 09:36:16 [TestNG-test-Smoke Tests-2] INFO  com.seleniumui.framework.base.BasePage - CartPage initialized
2026-07-12 09:36:16 [TestNG-test-Smoke Tests-2] INFO  com.seleniumui.framework.base.BaseTest - Add product to cart test passed
2026-07-12 09:36:16 [TestNG-test-Smoke Tests-2] INFO  com.seleniumui.framework.listeners.TestListener - ========================================
2026-07-12 09:36:16 [TestNG-test-Smoke Tests-2] INFO  com.seleniumui.framework.listeners.TestListener - TEST PASSED: testAddProductToCart
2026-07-12 09:36:16 [TestNG-test-Smoke Tests-2] INFO  com.seleniumui.framework.listeners.TestListener - Duration: 1005 ms
2026-07-12 09:36:16 [TestNG-test-Smoke Tests-2] INFO  com.seleniumui.framework.listeners.TestListener - ========================================
]]></system-out>
  </testcase>
  <testcase name="testSortByPriceLowToHigh" classname="com.seleniumui.framework.tests.ProductTest" time="0.335">
    <system-out><![CDATA[2026-07-12 09:36:30 [TestNG-test-Smoke Tests-1] INFO  com.seleniumui.framework.base.BaseTest - Test PASSED: testLoginPageLoads
2026-07-12 09:36:30 [TestNG-test-Smoke Tests-1] INFO  com.seleniumui.framework.base.DriverFactory - Quitting WebDriver. Thread ID: 41
2026-07-12 09:36:30 [TestNG-test-Smoke Tests-1] INFO  com.seleniumui.framework.base.DriverFactory - Initializing chrome browser. Headless mode: true
2026-07-12 09:36:30 [TestNG-test-Smoke Tests-1] INFO  io.github.bonigarcia.wdm.WebDriverManager - Using chromedriver 149.0.7827.155 (resolved driver for Chrome 149)
2026-07-12 09:36:31 [TestNG-test-Smoke Tests-1] INFO  io.github.bonigarcia.wdm.WebDriverManager - Exporting webdriver.chrome.driver as C:\Users\hp\.cache\selenium\chromedriver\win64\149.0.7827.155\chromedriver.exe
2026-07-12 09:36:32 [TestNG-test-Smoke Tests-1] INFO  com.seleniumui.framework.base.DriverFactory - WebDriver initialized successfully. Thread ID: 41
2026-07-12 09:36:32 [TestNG-test-Smoke Tests-1] INFO  com.seleniumui.framework.base.BaseTest - Navigating to: https://www.saucedemo.com/
2026-07-12 09:36:32 [TestNG-test-Smoke Tests-1] INFO  com.seleniumui.framework.base.BasePage - LoginPage initialized
2026-07-12 09:36:33 [TestNG-test-Smoke Tests-1] INFO  com.seleniumui.framework.base.BasePage - InventoryPage initialized
2026-07-12 09:36:33 [TestNG-test-Smoke Tests-1] INFO  com.seleniumui.framework.base.BaseTest - Logged in for product test
2026-07-12 09:36:33 [TestNG-test-Smoke Tests-1] INFO  com.seleniumui.framework.listeners.TestListener - ========================================
2026-07-12 09:36:33 [TestNG-test-Smoke Tests-1] INFO  com.seleniumui.framework.listeners.TestListener - TEST STARTED: testSortByPriceLowToHigh
2026-07-12 09:36:33 [TestNG-test-Smoke Tests-1] INFO  com.seleniumui.framework.listeners.TestListener - ========================================
2026-07-12 09:36:33 [TestNG-test-Smoke Tests-1] INFO  com.seleniumui.framework.base.BaseTest - Testing sort by price low to high
2026-07-12 09:36:33 [TestNG-test-Smoke Tests-1] INFO  com.seleniumui.framework.base.BasePage - Sorting products by value: lohi
2026-07-12 09:36:33 [TestNG-test-Smoke Tests-1] INFO  com.seleniumui.framework.base.BaseTest - Sort by price low to high test passed
2026-07-12 09:36:33 [TestNG-test-Smoke Tests-1] INFO  com.seleniumui.framework.listeners.TestListener - ========================================
2026-07-12 09:36:33 [TestNG-test-Smoke Tests-1] INFO  com.seleniumui.framework.listeners.TestListener - TEST PASSED: testSortByPriceLowToHigh
2026-07-12 09:36:33 [TestNG-test-Smoke Tests-1] INFO  com.seleniumui.framework.listeners.TestListener - Duration: 324 ms
2026-07-12 09:36:33 [TestNG-test-Smoke Tests-1] INFO  com.seleniumui.framework.listeners.TestListener - ========================================
]]></system-out>
    <system-err><![CDATA[Jul 12, 2026 9:36:32 AM org.openqa.selenium.devtools.CdpVersionFinder findNearestMatch
WARNING: Unable to find CDP implementation matching 149
Jul 12, 2026 9:36:32 AM org.openqa.selenium.chromium.ChromiumDriver lambda$new$5
WARNING: Unable to find version of CDP to use for 149.0.7827.201. You may need to include a dependency on a specific version of the CDP using something similar to `org.seleniumhq.selenium:selenium-devtools-v86:4.18.1` where the version ("v86") matches the version of the chromium-based browser you're using and the version number of the artifact is the same as Selenium's.
]]></system-err>
  </testcase>
  <testcase name="testRemoveProductFromCart" classname="com.seleniumui.framework.tests.ProductTest" time="2.165">
    <system-out><![CDATA[2026-07-12 09:36:33 [TestNG-test-Smoke Tests-1] INFO  com.seleniumui.framework.base.BaseTest - Test PASSED: testSortByPriceLowToHigh
2026-07-12 09:36:33 [TestNG-test-Smoke Tests-1] INFO  com.seleniumui.framework.base.DriverFactory - Quitting WebDriver. Thread ID: 41
2026-07-12 09:36:35 [TestNG-test-Smoke Tests-2] INFO  com.seleniumui.framework.base.BaseTest - Remove product from cart test passed
2026-07-12 09:36:35 [TestNG-test-Smoke Tests-2] INFO  com.seleniumui.framework.listeners.TestListener - ========================================
2026-07-12 09:36:35 [TestNG-test-Smoke Tests-2] INFO  com.seleniumui.framework.listeners.TestListener - TEST PASSED: testRemoveProductFromCart
2026-07-12 09:36:35 [TestNG-test-Smoke Tests-2] INFO  com.seleniumui.framework.listeners.TestListener - Duration: 11416 ms
2026-07-12 09:36:35 [TestNG-test-Smoke Tests-2] INFO  com.seleniumui.framework.listeners.TestListener - ========================================
]]></system-out>
  </testcase>
  <testcase name="testAccessInventoryWithoutLogin" classname="com.seleniumui.framework.tests.SessionTest" time="1.125">
    <system-out><![CDATA[2026-07-12 09:36:16 [TestNG-test-Smoke Tests-2] INFO  com.seleniumui.framework.base.BaseTest - Test PASSED: testAddProductToCart
2026-07-12 09:36:16 [TestNG-test-Smoke Tests-2] INFO  com.seleniumui.framework.base.DriverFactory - Quitting WebDriver. Thread ID: 42
2026-07-12 09:36:17 [TestNG-test-Smoke Tests-2] INFO  com.seleniumui.framework.base.DriverFactory - Initializing chrome browser. Headless mode: true
2026-07-12 09:36:17 [TestNG-test-Smoke Tests-1] INFO  io.github.bonigarcia.wdm.WebDriverManager - Exporting webdriver.chrome.driver as C:\Users\hp\.cache\selenium\chromedriver\win64\149.0.7827.155\chromedriver.exe
2026-07-12 09:36:17 [TestNG-test-Smoke Tests-2] INFO  io.github.bonigarcia.wdm.WebDriverManager - Using chromedriver 149.0.7827.155 (resolved driver for Chrome 149)
2026-07-12 09:36:18 [TestNG-test-Smoke Tests-2] INFO  io.github.bonigarcia.wdm.WebDriverManager - Exporting webdriver.chrome.driver as C:\Users\hp\.cache\selenium\chromedriver\win64\149.0.7827.155\chromedriver.exe
2026-07-12 09:36:18 [TestNG-test-Smoke Tests-1] INFO  com.seleniumui.framework.base.DriverFactory - WebDriver initialized successfully. Thread ID: 41
2026-07-12 09:36:18 [TestNG-test-Smoke Tests-1] INFO  com.seleniumui.framework.base.BaseTest - Navigating to: https://www.saucedemo.com/
2026-07-12 09:36:19 [TestNG-test-Smoke Tests-2] INFO  com.seleniumui.framework.base.DriverFactory - WebDriver initialized successfully. Thread ID: 42
2026-07-12 09:36:19 [TestNG-test-Smoke Tests-2] INFO  com.seleniumui.framework.base.BaseTest - Navigating to: https://www.saucedemo.com/
2026-07-12 09:36:19 [TestNG-test-Smoke Tests-1] INFO  com.seleniumui.framework.base.BasePage - LoginPage initialized
2026-07-12 09:36:19 [TestNG-test-Smoke Tests-2] INFO  com.seleniumui.framework.listeners.TestListener - ========================================
2026-07-12 09:36:19 [TestNG-test-Smoke Tests-2] INFO  com.seleniumui.framework.listeners.TestListener - TEST STARTED: testAccessInventoryWithoutLogin
2026-07-12 09:36:19 [TestNG-test-Smoke Tests-2] INFO  com.seleniumui.framework.listeners.TestListener - ========================================
2026-07-12 09:36:19 [TestNG-test-Smoke Tests-2] INFO  com.seleniumui.framework.base.BaseTest - Testing access inventory without login
2026-07-12 09:36:20 [TestNG-test-Smoke Tests-2] INFO  com.seleniumui.framework.base.BasePage - LoginPage initialized
2026-07-12 09:36:20 [TestNG-test-Smoke Tests-2] INFO  com.seleniumui.framework.base.BaseTest - Access inventory without login test passed
2026-07-12 09:36:20 [TestNG-test-Smoke Tests-2] INFO  com.seleniumui.framework.listeners.TestListener - ========================================
2026-07-12 09:36:20 [TestNG-test-Smoke Tests-2] INFO  com.seleniumui.framework.listeners.TestListener - TEST PASSED: testAccessInventoryWithoutLogin
2026-07-12 09:36:20 [TestNG-test-Smoke Tests-2] INFO  com.seleniumui.framework.listeners.TestListener - Duration: 1117 ms
2026-07-12 09:36:20 [TestNG-test-Smoke Tests-2] INFO  com.seleniumui.framework.listeners.TestListener - ========================================
]]></system-out>
    <system-err><![CDATA[Jul 12, 2026 9:36:18 AM org.openqa.selenium.devtools.CdpVersionFinder findNearestMatch
WARNING: Unable to find CDP implementation matching 149
Jul 12, 2026 9:36:18 AM org.openqa.selenium.chromium.ChromiumDriver lambda$new$5
WARNING: Unable to find version of CDP to use for 149.0.7827.201. You may need to include a dependency on a specific version of the CDP using something similar to `org.seleniumhq.selenium:selenium-devtools-v86:4.18.1` where the version ("v86") matches the version of the chromium-based browser you're using and the version number of the artifact is the same as Selenium's.
Jul 12, 2026 9:36:18 AM org.openqa.selenium.devtools.CdpVersionFinder findNearestMatch
WARNING: Unable to find CDP implementation matching 149
Jul 12, 2026 9:36:18 AM org.openqa.selenium.chromium.ChromiumDriver lambda$new$5
WARNING: Unable to find version of CDP to use for 149.0.7827.201. You may need to include a dependency on a specific version of the CDP using something similar to `org.seleniumhq.selenium:selenium-devtools-v86:4.18.1` where the version ("v86") matches the version of the chromium-based browser you're using and the version number of the artifact is the same as Selenium's.
]]></system-err>
  </testcase>
  <testcase name="testAccessCartWithoutLogin" classname="com.seleniumui.framework.tests.SessionTest" time="0.537">
    <system-out><![CDATA[2026-07-12 09:36:23 [TestNG-test-Smoke Tests-1] INFO  com.seleniumui.framework.base.BaseTest - Test PASSED: testCompleteCheckout
2026-07-12 09:36:23 [TestNG-test-Smoke Tests-1] INFO  com.seleniumui.framework.base.DriverFactory - Quitting WebDriver. Thread ID: 41
2026-07-12 09:36:24 [TestNG-test-Smoke Tests-1] INFO  com.seleniumui.framework.base.DriverFactory - Initializing chrome browser. Headless mode: true
2026-07-12 09:36:24 [TestNG-test-Smoke Tests-1] INFO  io.github.bonigarcia.wdm.WebDriverManager - Using chromedriver 149.0.7827.155 (resolved driver for Chrome 149)
2026-07-12 09:36:24 [TestNG-test-Smoke Tests-2] INFO  com.seleniumui.framework.base.BasePage - InventoryPage initialized
2026-07-12 09:36:24 [TestNG-test-Smoke Tests-2] INFO  com.seleniumui.framework.base.BaseTest - Logged in for product test
2026-07-12 09:36:24 [TestNG-test-Smoke Tests-2] INFO  com.seleniumui.framework.listeners.TestListener - ========================================
2026-07-12 09:36:24 [TestNG-test-Smoke Tests-2] INFO  com.seleniumui.framework.listeners.TestListener - TEST STARTED: testRemoveProductFromCart
2026-07-12 09:36:24 [TestNG-test-Smoke Tests-2] INFO  com.seleniumui.framework.listeners.TestListener - ========================================
2026-07-12 09:36:24 [TestNG-test-Smoke Tests-2] INFO  com.seleniumui.framework.base.BaseTest - Testing remove product from cart
2026-07-12 09:36:24 [TestNG-test-Smoke Tests-2] INFO  com.seleniumui.framework.base.BasePage - Added product 'Sauce Labs Backpack' to cart
2026-07-12 09:36:25 [TestNG-test-Smoke Tests-1] INFO  io.github.bonigarcia.wdm.WebDriverManager - Exporting webdriver.chrome.driver as C:\Users\hp\.cache\selenium\chromedriver\win64\149.0.7827.155\chromedriver.exe
2026-07-12 09:36:25 [TestNG-test-Smoke Tests-2] INFO  com.seleniumui.framework.base.BasePage - Removed product 'Sauce Labs Backpack' from cart
2026-07-12 09:36:26 [TestNG-test-Smoke Tests-1] INFO  com.seleniumui.framework.base.DriverFactory - WebDriver initialized successfully. Thread ID: 41
2026-07-12 09:36:26 [TestNG-test-Smoke Tests-1] INFO  com.seleniumui.framework.base.BaseTest - Navigating to: https://www.saucedemo.com/
2026-07-12 09:36:27 [TestNG-test-Smoke Tests-1] INFO  com.seleniumui.framework.listeners.TestListener - ========================================
2026-07-12 09:36:27 [TestNG-test-Smoke Tests-1] INFO  com.seleniumui.framework.listeners.TestListener - TEST STARTED: testAccessCartWithoutLogin
2026-07-12 09:36:27 [TestNG-test-Smoke Tests-1] INFO  com.seleniumui.framework.listeners.TestListener - ========================================
2026-07-12 09:36:27 [TestNG-test-Smoke Tests-1] INFO  com.seleniumui.framework.base.BaseTest - Testing access cart without login
2026-07-12 09:36:27 [TestNG-test-Smoke Tests-1] INFO  com.seleniumui.framework.base.BasePage - LoginPage initialized
2026-07-12 09:36:27 [TestNG-test-Smoke Tests-1] INFO  com.seleniumui.framework.base.BaseTest - Access cart without login test passed
2026-07-12 09:36:27 [TestNG-test-Smoke Tests-1] INFO  com.seleniumui.framework.listeners.TestListener - ========================================
2026-07-12 09:36:27 [TestNG-test-Smoke Tests-1] INFO  com.seleniumui.framework.listeners.TestListener - TEST PASSED: testAccessCartWithoutLogin
2026-07-12 09:36:27 [TestNG-test-Smoke Tests-1] INFO  com.seleniumui.framework.listeners.TestListener - Duration: 530 ms
2026-07-12 09:36:27 [TestNG-test-Smoke Tests-1] INFO  com.seleniumui.framework.listeners.TestListener - ========================================
]]></system-out>
    <system-err><![CDATA[Jul 12, 2026 9:36:26 AM org.openqa.selenium.devtools.CdpVersionFinder findNearestMatch
WARNING: Unable to find CDP implementation matching 149
Jul 12, 2026 9:36:26 AM org.openqa.selenium.chromium.ChromiumDriver lambda$new$5
WARNING: Unable to find version of CDP to use for 149.0.7827.201. You may need to include a dependency on a specific version of the CDP using something similar to `org.seleniumhq.selenium:selenium-devtools-v86:4.18.1` where the version ("v86") matches the version of the chromium-based browser you're using and the version number of the artifact is the same as Selenium's.
]]></system-err>
  </testcase>
  <testcase name="testCompleteCheckout" classname="com.seleniumui.framework.tests.CheckoutTest" time="3.42">
    <system-out><![CDATA[2026-07-12 09:36:20 [TestNG-test-Smoke Tests-1] INFO  com.seleniumui.framework.base.BasePage - InventoryPage initialized
2026-07-12 09:36:20 [TestNG-test-Smoke Tests-2] INFO  com.seleniumui.framework.base.BaseTest - Test PASSED: testAccessInventoryWithoutLogin
2026-07-12 09:36:20 [TestNG-test-Smoke Tests-2] INFO  com.seleniumui.framework.base.DriverFactory - Quitting WebDriver. Thread ID: 42
2026-07-12 09:36:20 [TestNG-test-Smoke Tests-1] INFO  com.seleniumui.framework.base.BaseTest - Logged in successfully for checkout test
2026-07-12 09:36:20 [TestNG-test-Smoke Tests-1] INFO  com.seleniumui.framework.listeners.TestListener - ========================================
2026-07-12 09:36:20 [TestNG-test-Smoke Tests-1] INFO  com.seleniumui.framework.listeners.TestListener - TEST STARTED: testCompleteCheckout
2026-07-12 09:36:20 [TestNG-test-Smoke Tests-1] INFO  com.seleniumui.framework.listeners.TestListener - ========================================
2026-07-12 09:36:20 [TestNG-test-Smoke Tests-1] INFO  com.seleniumui.framework.base.BaseTest - Starting complete checkout test
2026-07-12 09:36:20 [TestNG-test-Smoke Tests-1] INFO  com.seleniumui.framework.base.BasePage - Added product 'Sauce Labs Backpack' to cart
2026-07-12 09:36:20 [TestNG-test-Smoke Tests-2] INFO  com.seleniumui.framework.base.DriverFactory - Initializing chrome browser. Headless mode: true
2026-07-12 09:36:20 [TestNG-test-Smoke Tests-2] INFO  io.github.bonigarcia.wdm.WebDriverManager - Using chromedriver 149.0.7827.155 (resolved driver for Chrome 149)
2026-07-12 09:36:20 [TestNG-test-Smoke Tests-1] INFO  com.seleniumui.framework.base.BasePage - Navigating to cart
2026-07-12 09:36:21 [TestNG-test-Smoke Tests-1] INFO  com.seleniumui.framework.base.BasePage - CartPage initialized
2026-07-12 09:36:21 [TestNG-test-Smoke Tests-1] INFO  com.seleniumui.framework.base.BasePage - Clicking Checkout button
2026-07-12 09:36:21 [TestNG-test-Smoke Tests-1] INFO  com.seleniumui.framework.base.BasePage - CheckoutInfoPage initialized
2026-07-12 09:36:21 [TestNG-test-Smoke Tests-2] INFO  io.github.bonigarcia.wdm.WebDriverManager - Exporting webdriver.chrome.driver as C:\Users\hp\.cache\selenium\chromedriver\win64\149.0.7827.155\chromedriver.exe
2026-07-12 09:36:22 [TestNG-test-Smoke Tests-2] INFO  com.seleniumui.framework.base.DriverFactory - WebDriver initialized successfully. Thread ID: 42
2026-07-12 09:36:22 [TestNG-test-Smoke Tests-2] INFO  com.seleniumui.framework.base.BaseTest - Navigating to: https://www.saucedemo.com/
2026-07-12 09:36:22 [TestNG-test-Smoke Tests-2] INFO  com.seleniumui.framework.base.BasePage - LoginPage initialized
2026-07-12 09:36:23 [TestNG-test-Smoke Tests-1] INFO  com.seleniumui.framework.base.BasePage - CheckoutOverviewPage initialized
2026-07-12 09:36:23 [TestNG-test-Smoke Tests-1] INFO  com.seleniumui.framework.base.BasePage - Clicking Finish button
2026-07-12 09:36:23 [TestNG-test-Smoke Tests-1] INFO  com.seleniumui.framework.base.BasePage - CheckoutCompletePage initialized
2026-07-12 09:36:23 [TestNG-test-Smoke Tests-1] INFO  com.seleniumui.framework.base.BaseTest - Complete checkout test passed successfully
2026-07-12 09:36:23 [TestNG-test-Smoke Tests-1] INFO  com.seleniumui.framework.listeners.TestListener - ========================================
2026-07-12 09:36:23 [TestNG-test-Smoke Tests-1] INFO  com.seleniumui.framework.listeners.TestListener - TEST PASSED: testCompleteCheckout
2026-07-12 09:36:23 [TestNG-test-Smoke Tests-1] INFO  com.seleniumui.framework.listeners.TestListener - Duration: 3387 ms
2026-07-12 09:36:23 [TestNG-test-Smoke Tests-1] INFO  com.seleniumui.framework.listeners.TestListener - ========================================
]]></system-out>
    <system-err><![CDATA[Jul 12, 2026 9:36:22 AM org.openqa.selenium.devtools.CdpVersionFinder findNearestMatch
WARNING: Unable to find CDP implementation matching 149
Jul 12, 2026 9:36:22 AM org.openqa.selenium.chromium.ChromiumDriver lambda$new$5
WARNING: Unable to find version of CDP to use for 149.0.7827.201. You may need to include a dependency on a specific version of the CDP using something similar to `org.seleniumhq.selenium:selenium-devtools-v86:4.18.1` where the version ("v86") matches the version of the chromium-based browser you're using and the version number of the artifact is the same as Selenium's.
]]></system-err>
  </testcase>
</testsuite>