<?xml version="1.0" encoding="UTF-8"?>
<!-- Generated by org.testng.reporters.JUnitReportReporter -->
<testsuite hostname="HP" failures="0" tests="2" name="com.seleniumui.framework.tests.LoginTest" time="10.460" errors="0" timestamp="2026-07-06T16:21:10 IST" skipped="0">
  <testcase classname="com.seleniumui.framework.tests.LoginTest" name="testValidLogin" time="3.537"/>
  <testcase classname="com.seleniumui.framework.tests.LoginTest" name="testLoginPageLoads" time="6.923"/>
</testsuite> <!-- com.seleniumui.framework.tests.LoginTest -->
