<?xml version="1.0" encoding="UTF-8"?>
<!-- Generated by org.testng.reporters.JUnitReportReporter -->
<testsuite hostname="HP" failures="0" tests="3" name="com.seleniumui.framework.tests.ProductTest" time="25.334" errors="0" timestamp="2026-07-06T16:21:10 IST" skipped="0">
  <testcase classname="com.seleniumui.framework.tests.ProductTest" name="testAddProductToCart" time="4.424"/>
  <testcase classname="com.seleniumui.framework.tests.ProductTest" name="testRemoveProductFromCart" time="18.011"/>
  <testcase classname="com.seleniumui.framework.tests.ProductTest" name="testSortByPriceLowToHigh" time="2.899"/>
</testsuite> <!-- com.seleniumui.framework.tests.ProductTest -->
