<?xml version="1.0" encoding="UTF-8"?>
<!-- Generated by org.testng.reporters.JUnitReportReporter -->
<testsuite hostname="HP" failures="0" tests="3" name="com.seleniumui.framework.tests.ProductTest" time="27.399" errors="0" timestamp="2026-07-11T12:38:11 IST" skipped="0">
  <testcase classname="com.seleniumui.framework.tests.ProductTest" name="testAddProductToCart" time="3.553"/>
  <testcase classname="com.seleniumui.framework.tests.ProductTest" name="testRemoveProductFromCart" time="20.783"/>
  <testcase classname="com.seleniumui.framework.tests.ProductTest" name="testSortByPriceLowToHigh" time="3.063"/>
</testsuite> <!-- com.seleniumui.framework.tests.ProductTest -->
