<?xml version="1.0" encoding="UTF-8"?>
<!-- Generated by org.testng.reporters.JUnitReportReporter -->
<testsuite hostname="HP" failures="0" tests="2" name="com.seleniumui.framework.tests.SessionTest" time="7.264" errors="0" timestamp="2026-07-12T09:36:36 IST" skipped="0">
  <testcase classname="com.seleniumui.framework.tests.SessionTest" name="testAccessInventoryWithoutLogin" time="3.480"/>
  <testcase classname="com.seleniumui.framework.tests.SessionTest" name="testAccessCartWithoutLogin" time="3.784"/>
</testsuite> <!-- com.seleniumui.framework.tests.SessionTest -->
