<?xml version="1.0" encoding="UTF-8"?>
<!-- Generated by org.testng.reporters.JUnitReportReporter -->
<testsuite hostname="HP" failures="0" tests="2" name="com.seleniumui.framework.tests.LoginTest" time="12.859" errors="0" timestamp="2026-07-11T12:38:10 IST" skipped="0">
  <testcase classname="com.seleniumui.framework.tests.LoginTest" name="testValidLogin" time="3.820"/>
  <testcase classname="com.seleniumui.framework.tests.LoginTest" name="testLoginPageLoads" time="9.039"/>
</testsuite> <!-- com.seleniumui.framework.tests.LoginTest -->
