<?xml version="1.0" encoding="UTF-8"?>
<!-- Generated by org.testng.reporters.JUnitReportReporter -->
<testsuite hostname="HP" failures="0" tests="2" name="com.seleniumui.framework.tests.SessionTest" time="5.695" errors="0" timestamp="2026-07-11T12:38:10 IST" skipped="0">
  <testcase classname="com.seleniumui.framework.tests.SessionTest" name="testAccessInventoryWithoutLogin" time="2.877"/>
  <testcase classname="com.seleniumui.framework.tests.SessionTest" name="testAccessCartWithoutLogin" time="2.818"/>
</testsuite> <!-- com.seleniumui.framework.tests.SessionTest -->
